<?xml version='1.0' encoding='UTF-8'?>
<testsuite hostname="LNAR-PF122USV" name="funsets.FunSetSuite" tests="3" errors="0" failures="0" skipped="0" time="0.064">
                     <properties>
[...]
</properties>
                     <testcase classname="funsets.FunSetSuite" name="contains is implemented" time="0.049">
                                                 
                                               </testcase><testcase classname="funsets.FunSetSuite" name="singletonSet(1) contains 1" time="0.0">
                                                 
                                               </testcase><testcase classname="funsets.FunSetSuite" name="union contains all elements of each set" time="0.015">
                                                 
                                               </testcase>
                     <system-out></system-out>
                     <system-err></system-err>
                   </testsuite>